<?xml version="1.0" encoding="UTF-8"?>
<testng-results skipped="0" failed="0" ignored="0" total="1" passed="1">
  <reporter-output>
    <line>
      <![CDATA[no of rows are::10  columns in first row::4]]>
    </line>
    <line>
      <![CDATA[Login Success]]>
    </line>
    <line>
      <![CDATA[Username cannot be empty]]>
    </line>
  </reporter-output>
  <suite name="Default suite" duration-ms="17416" started-at="2020-02-01T15:02:08Z" finished-at="2020-02-01T15:02:25Z">
    <groups>
    </groups>
    <test name="Default test" duration-ms="17416" started-at="2020-02-01T15:02:08Z" finished-at="2020-02-01T15:02:25Z">
      <class name="jan30.Ranga_extentReports">
        <test-method status="PASS" signature="setUp()[pri:0, instance:jan30.Ranga_extentReports@66a3ffec]" name="setUp" is-config="true" duration-ms="4224" started-at="2020-02-01T20:32:08Z" finished-at="2020-02-01T20:32:12Z">
          <reporter-output>
          </reporter-output>
        </test-method> <!-- setUp -->
        <test-method status="PASS" signature="verifyLogin()[pri:0, instance:jan30.Ranga_extentReports@66a3ffec]" name="verifyLogin" duration-ms="13111" started-at="2020-02-01T20:32:12Z" finished-at="2020-02-01T20:32:25Z">
          <reporter-output>
            <line>
              <![CDATA[no of rows are::10  columns in first row::4]]>
            </line>
            <line>
              <![CDATA[Login Success]]>
            </line>
            <line>
              <![CDATA[Username cannot be empty]]>
            </line>
          </reporter-output>
        </test-method> <!-- verifyLogin -->
        <test-method status="PASS" signature="tearDown()[pri:0, instance:jan30.Ranga_extentReports@66a3ffec]" name="tearDown" is-config="true" duration-ms="43" started-at="2020-02-01T20:32:25Z" finished-at="2020-02-01T20:32:25Z">
          <reporter-output>
          </reporter-output>
        </test-method> <!-- tearDown -->
      </class> <!-- jan30.Ranga_extentReports -->
    </test> <!-- Default test -->
  </suite> <!-- Default suite -->
</testng-results>
